1598800644474	mozrunner::runner	INFO	Running command: "C:\\Program Files (x86)\\Mozilla Firefox\\firefox.exe" "-marionette" "-foreground" "-no-remote" "-profile" "C:\\Users\\Loydi\\AppData\\Local\\Temp\\rust_mozprofile.G9Fu3pXQAb3H"
1598800646673	addons.webextension.doh-rollout@mozilla.org	WARN	Loading extension 'doh-rollout@mozilla.org': Reading manifest: Invalid extension permission: networkStatus
1598800647217	addons.webextension.screenshots@mozilla.org	WARN	Loading extension 'screenshots@mozilla.org': Reading manifest: Invalid extension permission: mozillaAddons
1598800647218	addons.webextension.screenshots@mozilla.org	WARN	Loading extension 'screenshots@mozilla.org': Reading manifest: Invalid extension permission: telemetry
1598800647218	addons.webextension.screenshots@mozilla.org	WARN	Loading extension 'screenshots@mozilla.org': Reading manifest: Invalid extension permission: resource://pdf.js/
1598800647218	addons.webextension.screenshots@mozilla.org	WARN	Loading extension 'screenshots@mozilla.org': Reading manifest: Invalid extension permission: about:reader*
JavaScript error: resource://gre/modules/XULStore.jsm, line 66: Error: Can't find profile directory.
1598800650265	Marionette	INFO	Listening on port 56872
1598800650514	Marionette	WARN	TLS certificate errors will be ignored for this session
1598800667753	Marionette	INFO	Stopped listening on port 56872

###!!! [Child][RunMessage] Error: Channel closing: too late to send/recv, messages will be lost


###!!! [Child][MessageChannel::SendAndWait] Error: Channel error: cannot send/recv

1598800733132	mozrunner::runner	INFO	Running command: "C:\\Program Files (x86)\\Mozilla Firefox\\firefox.exe" "-marionette" "-foreground" "-no-remote" "-profile" "C:\\Users\\Loydi\\AppData\\Local\\Temp\\rust_mozprofile.6hEj92ahwdOW"
1598800763565	mozrunner::runner	INFO	Running command: "C:\\Program Files (x86)\\Mozilla Firefox\\firefox.exe" "-marionette" "-foreground" "-no-remote" "-profile" "C:\\Users\\Loydi\\AppData\\Local\\Temp\\rust_mozprofile.UDS0VAJAzK5U"
JavaScript error: resource://gre/modules/XULStore.jsm, line 66: Error: Can't find profile directory.
1598800767098	Marionette	INFO	Listening on port 57007
1598800767384	Marionette	WARN	TLS certificate errors will be ignored for this session
1598800797306	Marionette	INFO	Stopped listening on port 57007

###!!! [Child][RunMessage] Error: Channel closing: too late to send/recv, messages will be lost


###!!! [Child][MessageChannel::SendAndWait] Error: Channel error: cannot send/recv

1612792434156	mozrunner::runner	INFO	Running command: "C:\\Program Files\\Mozilla Firefox\\firefox.exe" "-marionette" "-foreground" "-no-remote" "-profile" "C:\\Users\\kyi\\AppData\\Local\\Temp\\rust_mozprofileuAuBnc"
JavaScript error: resource:///modules/policies/Policies.jsm, line 935: NS_ERROR_MALFORMED_URI: Component returned failure code: 0x804b000a (NS_ERROR_MALFORMED_URI) [nsIIOService.newURI]
JavaScript error: resource://gre/modules/XULStore.jsm, line 66: Error: Can't find profile directory.
console.warn: SearchSettings: "get: No settings file exists, new profile?" (new Error("", "(unknown module)"))
1612792444685	Marionette	INFO	Listening on port 64239
console.warn: SearchSettings: "get: No settings file exists, new profile?" (new Error("", "(unknown module)"))
1612792445151	Marionette	WARN	TLS certificate errors will be ignored for this session
1612792445212	Marionette	ERROR	[18] No reply from Marionette:Register
1612792446126	Marionette	ERROR	[38] No reply from Marionette:Register
1612792487159	Marionette	INFO	Stopped listening on port 64239
JavaScript error: resource://gre/modules/CrashManager.jsm, line 789: AbortError: Could not dispatch task to background thread
emp\\rust_mozprofileEW5wd8"
JavaScript error: resource:///modules/policies/Policies.jsm, line 935: NS_ERROR_MALFORMED_URI: Component returned failure code: 0x804b000a (NS_ERROR_MALFORMED_URI) [nsIIOService.newURI]
JavaScript error: resource://gre/modules/XULStore.jsm, line 66: Error: Can't find profile directory.
console.warn: SearchSettings: "get: No settings file exists, new profile?" (new Error("", "(unknown module)"))
console.warn: SearchSettings: "get: No settings file exists, new profile?" (new Error("", "(unknown module)"))
1612792495709	Marionette	INFO	Listening on port 64315
1612792495980	Marionette	WARN	TLS certificate errors will be ignored for this session
1612792496041	Marionette	ERROR	[18] No reply from Marionette:Register
1612792497490	Marionette	ERROR	[38] No reply from Marionette:Register

###!!! [Child][RunMessage] Error: Channel closing: too late to send/recv, messages will be lost

[Child 20556, IPC I/O Child] WARNING: pipe error: 232: file /builds/worker/checkouts/gecko/ipc/chromium/src/chrome/common/ipc_channel_win.cc:545
1612794266792	Marionette	INFO	Stopped listening on port 64315

###!!! [Child][RunMessage] Error: Channel closing: too late to send/recv, messages will be lost

JavaScript error: resource://gre/modules/TelemetryControllerParent.jsm, line 607: Error: submitExternalPing - Submission is not allowed after shutdown, discarding ping of type: third-party-modules
onsole.warn: SearchSettings: "get: No settings file exists, new profile?" (new Error("", "(unknown module)"))
console.warn: SearchSettings: "get: No settings file exists, new profile?" (new Error("", "(unknown module)"))
1612793746515	Marionette	INFO	Listening on port 65314
1612793746667	Marionette	WARN	TLS certificate errors will be ignored for this session
1612793746703	Marionette	ERROR	[18] No reply from Marionette:Register
JavaScript error: resource://gre/actors/AutoCompleteChild.jsm, line 125: Error: Invalid autocomplete selectedIndex
JavaScript error: resource://gre/actors/AutoCompleteChild.jsm, line 125: Error: Invalid autocomplete selectedIndex
JavaScript error: resource://gre/modules/LoginManagerChild.jsm, line 190: NS_ERROR_XPC_JAVASCRIPT_ERROR_WITH_DETAILS: [JavaScript Error: "Invalid autocomplete selectedIndex" {file: "resource://gre/actors/AutoCompleteChild.jsm" line: 125}]'[JavaScript Error: "Invalid autocomplete selectedIndex" {file: "resource://gre/actors/AutoCompleteChild.jsm" line: 125}]' when calling method: [nsIAutoCompletePopup::selectedIndex]
1612793977564	Marionette	ERROR	[38] No reply from Marionette:Register

###!!! [Child][MessageChannel] Error: (msgtype=0x5B000E,name=PHttpChannel::Msg___delete__) Channel closing: too late to send/recv, messages will be lost


###!!! [Child][MessageChannel] Error: (msgtype=0x6B0027,name=PNecko::Msg_RemoveRequestContext) Channel closing: too late to send/recv, messages will be lost


###!!! [Child][RunMessage] Error: Channel closing: too late to send/recv, messages will be lost

1612794212558	Marionette	INFO	Stopped listening on port 65314

###!!! [Child][RunMessage] Error: Channel closing: too late to send/recv, messages will be lost

JavaScript error: resource:///modules/sessionstore/SessionStore.jsm, line 5198: NS_ERROR_UNEXPECTED: Component returned failure code: 0x8000ffff (NS_ERROR_UNEXPECTED) [nsIWindowMediator.getEnumerator]
1612868510990	mozrunner::runner	INFO	Running command: "C:\\Program Files\\Mozilla Firefox\\firefox.exe" "-marionette" "-foreground" "-no-remote" "-profile" "C:\\Users\\kyi\\AppData\\Local\\Temp\\rust_mozprofile3fauGh"
JavaScript error: resource:///modules/policies/Policies.jsm, line 935: NS_ERROR_MALFORMED_URI: Component returned failure code: 0x804b000a (NS_ERROR_MALFORMED_URI) [nsIIOService.newURI]
JavaScript error: resource://gre/modules/XULStore.jsm, line 66: Error: Can't find profile directory.
console.warn: SearchSettings: "get: No settings file exists, new profile?" (new Error("", "(unknown module)"))
console.warn: SearchSettings: "get: No settings file exists, new profile?" (new Error("", "(unknown module)"))
1612868519617	Marionette	INFO	Listening on port 56378
1612868520006	Marionette	WARN	TLS certificate errors will be ignored for this session
1612868520096	Marionette	ERROR	[21] No reply from Marionette:Register
JavaScript error: resource://gre/actors/AutoCompleteChild.jsm, line 125: Error: Invalid autocomplete selectedIndex
JavaScript error: resource://gre/actors/AutoCompleteChild.jsm, line 125: Error: Invalid autocomplete selectedIndex
JavaScript error: resource://gre/modules/LoginManagerChild.jsm, line 190: NS_ERROR_XPC_JAVASCRIPT_ERROR_WITH_DETAILS: [JavaScript Error: "Invalid autocomplete selectedIndex" {file: "resource://gre/actors/AutoCompleteChild.jsm" line: 125}]'[JavaScript Error: "Invalid autocomplete selectedIndex" {file: "resource://gre/actors/AutoCompleteChild.jsm" line: 125}]' when calling method: [nsIAutoCompletePopup::selectedIndex]
[Child 15740, MediaDecoderStateMachine #1] WARNING: Decoder=1ea47a59800 Decode error: NS_ERROR_DOM_MEDIA_FATAL_ERR (0x806e0005) - RefPtr<MediaSourceTrackDemuxer::SamplesPromise> __cdecl mozilla::MediaSourceTrackDemuxer::DoGetSamples(int32_t): manager is detached.: file /builds/worker/checkouts/gecko/dom/media/MediaDecoderStateMachine.cpp:3465
[Child 15740, MediaDecoderStateMachine #1] WARNING: Decoder=1ea47a59800 Decode error: NS_ERROR_DOM_MEDIA_FATAL_ERR (0x806e0005) - RefPtr<MediaSourceTrackDemuxer::SamplesPromise> __cdecl mozilla::MediaSourceTrackDemuxer::DoGetSamples(int32_t): manager is detached.: file /builds/worker/checkouts/gecko/dom/media/MediaDecoderStateMachine.cpp:3465
[Child 15740, MediaDecoderStateMachine #1] WARNING: Decoder=1ea47a59800 Decode error: NS_ERROR_DOM_MEDIA_FATAL_ERR (0x806e0005) - RefPtr<MediaSourceTrackDemuxer::SamplesPromise> __cdecl mozilla::MediaSourceTrackDemuxer::DoGetSamples(int32_t): manager is detached.: file /builds/worker/checkouts/gecko/dom/media/MediaDecoderStateMachine.cpp:3465
1612868720672	Marionette	ERROR	[38] No reply from Marionette:Register

###!!! [Child][RunMessage] Error: Channel closing: too late to send/recv, messages will be lost


###!!! [Child][RunMessage] Error: Channel closing: too late to send/recv, messages will be lost


###!!! [Child][MessageChannel] Error: (msgtype=0x3A0158,name=PContent::Msg_InsertNewFocusActionId) Closed channel: cannot send/recv


###!!! [Child][MessageChannel] Error: (msgtype=0x3A015F,name=PContent::Msg_CommitWindowContextTransaction) Closed channel: cannot send/recv

aScript error: resource:///modules/policies/Policies.jsm, line 935: NS_ERROR_MALFORMED_URI: Component returned failure code: 0x804b000a (NS_ERROR_MALFORMED_URI) [nsIIOService.newURI]
JavaScript error: resource://gre/modules/XULStore.jsm, line 66: Error: Can't find profile directory.
console.warn: SearchSettings: "get: No settings file exists, new profile?" (new Error("", "(unknown module)"))
console.error: Region.jsm: "Error fetching region" (new TypeError("NetworkError when attempting to fetch resource.", ""))
console.error: Region.jsm: "Failed to fetch region" (new Error("NO_RESULT", "resource://gre/modules/Region.jsm", 422))
1612884914867	Marionette	INFO	Listening on port 55500
1612884915216	Marionette	WARN	TLS certificate errors will be ignored for this session
1612884915238	Marionette	ERROR	[18] No reply from Marionette:Register
1612885418286	addons.xpi	ERROR	System addon update list error Error: Failed downloading XML, status: 0, reason: error
console.error: Region.jsm: "Error fetching region" (new TypeError("NetworkError when attempting to fetch resource.", ""))
console.error: Region.jsm: "Failed to fetch region" (new Error("NO_RESULT", "resource://gre/modules/Region.jsm", 422))
console.error: Region.jsm: "Error fetching region" (new TypeError("NetworkError when attempting to fetch resource.", ""))
console.error: Region.jsm: "Failed to fetch region" (new Error("NO_RESULT", "resource://gre/modules/Region.jsm", 422))

###!!! [Child][MessageChannel] Error: (msgtype=0x3A0158,name=PContent::Msg_InsertNewFocusActionId) Closed channel: cannot send/recv

1612963540652	mozrunner::runner	INFO	Running command: "C:\\Program Files\\Mozilla Firefox\\firefox.exe" "-marionette" "-foreground" "-no-remote" "-profile" "C:\\Users\\kyi\\AppData\\Local\\Temp\\rust_mozprofilenQ1VlH"
1612963621391	mozrunner::runner	INFO	Running command: "C:\\Program Files\\Mozilla Firefox\\firefox.exe" "-marionette" "-foreground" "-no-remote" "-profile" "C:\\Users\\kyi\\AppData\\Local\\Temp\\rust_mozprofile67JWZK"
JavaScript error: resource:///modules/policies/Policies.jsm, line 935: NS_ERROR_MALFORMED_URI: Component returned failure code: 0x804b000a (NS_ERROR_MALFORMED_URI) [nsIIOService.newURI]
JavaScript error: resource://gre/modules/XULStore.jsm, line 66: Error: Can't find profile directory.
console.warn: SearchSettings: "get: No settings file exists, new profile?" (new Error("", "(unknown module)"))
console.warn: SearchSettings: "get: No settings file exists, new profile?" (new Error("", "(unknown module)"))
1612963629526	Marionette	INFO	Listening on port 61219
1612963630166	Marionette	WARN	TLS certificate errors will be ignored for this session
1612963630204	Marionette	ERROR	[21] No reply from Marionette:Register
1612963856162	Marionette	INFO	Stopped listening on port 61219
JavaScript error: resource:///modules/sessionstore/SessionStore.jsm, line 5198: NS_ERROR_UNEXPECTED: Component returned failure code: 0x8000ffff (NS_ERROR_UNEXPECTED) [nsIWindowMediator.getEnumerator]
Policies.jsm, line 935: NS_ERROR_MALFORMED_URI: Component returned failure code: 0x804b000a (NS_ERROR_MALFORMED_URI) [nsIIOService.newURI]
JavaScript error: resource://gre/modules/XULStore.jsm, line 66: Error: Can't find profile directory.
console.warn: SearchSettings: "get: No settings file exists, new profile?" (new Error("", "(unknown module)"))
console.warn: SearchSettings: "get: No settings file exists, new profile?" (new Error("", "(unknown module)"))
1612963858825	Marionette	INFO	Listening on port 61378
1612963859017	Marionette	WARN	TLS certificate errors will be ignored for this session
1612963859157	Marionette	ERROR	[18] No reply from Marionette:Register
1612963876036	Marionette	INFO	Stopped listening on port 61378

###!!! [Child][RunMessage] Error: Channel closing: too late to send/recv, messages will be lost

JavaScript error: resource:///modules/sessionstore/SessionStore.jsm, line 5198: NS_ERROR_UNEXPECTED: Component returned failure code: 0x8000ffff (NS_ERROR_UNEXPECTED) [nsIWindowMediator.getEnumerator]
JavaScript error: resource://gre/modules/CrashManager.jsm, line 789: AbortError: Could not dispatch task to background thread
1612963995985	mozrunner::runner	INFO	Running command: "C:\\Program Files\\Mozilla Firefox\\firefox.exe" "-marionette" "-foreground" "-no-remote" "-profile" "C:\\Users\\kyi\\AppData\\Local\\Temp\\rust_mozprofileILOvKV"
JavaScript error: resource:///modules/policies/Policies.jsm, line 935: NS_ERROR_MALFORMED_URI: Component returned failure code: 0x804b000a (NS_ERROR_MALFORMED_URI) [nsIIOService.newURI]
JavaScript error: resource://gre/modules/XULStore.jsm, line 66: Error: Can't find profile directory.
console.warn: SearchSettings: "get: No settings file exists, new profile?" (new Error("", "(unknown module)"))
console.warn: SearchSettings: "get: No settings file exists, new profile?" (new Error("", "(unknown module)"))
1612964002322	Marionette	INFO	Listening on port 61514
1612964002414	Marionette	WARN	TLS certificate errors will be ignored for this session
1612964002523	Marionette	ERROR	[21] No reply from Marionette:Register
JavaScript error: https://www.instagram.com/static/bundles/es6/oz-player.main.js/2438b5000665.js, line 32: cancelled: operation is cancelled
JavaScript error: https://www.instagram.com/static/bundles/es6/oz-player.main.js/2438b5000665.js, line 33: InvalidStateError: An attempt was made to use an object that is not, or is no longer, usable
JavaScript error: https://www.instagram.com/static/bundles/es6/DirectMQTT.js/6ba246155cd9.js, line 17: Error: Publish Timed Out
JavaScript error: https://www.instagram.com/static/bundles/es6/DirectMQTT.js/6ba246155cd9.js, line 17: Error: Publish Timed Out
JavaScript error: https://www.instagram.com/static/bundles/es6/Consumer.js/f5aa6a43fe41.js, line 1311: OZ_SOURCE_BUFFER: An attempt was made to use an object that is not, or is no longer, usable
JavaScript error: https://www.instagram.com/static/bundles/es6/oz-player.main.js/2438b5000665.js, line 33: InvalidStateError: An attempt was made to use an object that is not, or is no longer, usable
1612964151017	Marionette	INFO	Stopped listening on port 61514
1612964168938	mozrunner::runner	INFO	Running command: "C:\\Program Files\\Mozilla Firefox\\firefox.exe" "-marionette" "-foreground" "-no-remote" "-profile" "C:\\Users\\kyi\\AppData\\Local\\Temp\\rust_mozprofilew91wfK"
JavaScript error: resource:///modules/policies/Policies.jsm, line 935: NS_ERROR_MALFORMED_URI: Component returned failure code: 0x804b000a (NS_ERROR_MALFORMED_URI) [nsIIOService.newURI]
JavaScript error: resource://gre/modules/XULStore.jsm, line 66: Error: Can't find profile directory.
console.warn: SearchSettings: "get: No settings file exists, new profile?" (new Error("", "(unknown module)"))
console.warn: SearchSettings: "get: No settings file exists, new profile?" (new Error("", "(unknown module)"))
1612964178081	Marionette	INFO	Listening on port 61607
1612964178498	Marionette	WARN	TLS certificate errors will be ignored for this session
1612964178546	Marionette	ERROR	[18] No reply from Marionette:Register
1612964245898	Marionette	ERROR	[38] No reply from Marionette:Register
1612964288048	Marionette	INFO	Stopped listening on port 61607

###!!! [Child][RunMessage] Error: Channel closing: too late to send/recv, messages will be lost

JavaScript error: resource:///modules/sessionstore/SessionStore.jsm, line 5198: NS_ERROR_UNEXPECTED: Component returned failure code: 0x8000ffff (NS_ERROR_UNEXPECTED) [nsIWindowMediator.getEnumerator]
1612964362303	mozrunner::runner	INFO	Running command: "C:\\Program Files\\Mozilla Firefox\\firefox.exe" "-marionette" "-foreground" "-no-remote" "-profile" "C:\\Users\\kyi\\AppData\\Local\\Temp\\rust_mozprofileWeUjei"
JavaScript error: resource:///modules/policies/Policies.jsm, line 935: NS_ERROR_MALFORMED_URI: Component returned failure code: 0x804b000a (NS_ERROR_MALFORMED_URI) [nsIIOService.newURI]
JavaScript error: resource://gre/modules/XULStore.jsm, line 66: Error: Can't find profile directory.
console.warn: SearchSettings: "get: No settings file exists, new profile?" (new Error("", "(unknown module)"))
console.warn: SearchSettings: "get: No settings file exists, new profile?" (new Error("", "(unknown module)"))
1612964370512	Marionette	INFO	Listening on port 61719
1612964370795	Marionette	WARN	TLS certificate errors will be ignored for this session
1612964370865	Marionette	ERROR	[18] No reply from Marionette:Register
1612964422513	Marionette	ERROR	[38] No reply from Marionette:Register

###!!! [Child][RunMessage] Error: Channel closing: too late to send/recv, messages will be lost


###!!! [Child][RunMessage] Error: Channel closing: too late to send/recv, messages will be lost


###!!! [Child][RunMessage] Error: Channel closing: too late to send/recv, messages will be lost

1612964431429	Marionette	ERROR	[40] No reply from Marionette:Register

###!!! [Child][RunMessage] Error: Channel closing: too late to send/recv, messages will be lost

JavaScript error: resource://gre/modules/XULStore.jsm, line 66: Error: Can't find profile directory.
JavaScript error: , line 0: InvalidStateError: A mutation operation was attempted on a database that did not allow mutations.

###!!! [Child][RunMessage] Error: Channel closing: too late to send/recv, messages will be lost

1612964483337	Marionette	INFO	Stopped listening on port 61719

###!!! [Child][RunMessage] Error: Channel closing: too late to send/recv, messages will be lost

1612964498701	mozrunner::runner	INFO	Running command: "C:\\Program Files\\Mozilla Firefox\\firefox.exe" "-marionette" "-foreground" "-no-remote" "-profile" "C:\\Users\\kyi\\AppData\\Local\\Temp\\rust_mozprofileyaQ6xO"
JavaScript error: resource:///modules/policies/Policies.jsm, line 935: NS_ERROR_MALFORMED_URI: Component returned failure code: 0x804b000a (NS_ERROR_MALFORMED_URI) [nsIIOService.newURI]
JavaScript error: resource://gre/modules/XULStore.jsm, line 66: Error: Can't find profile directory.
console.warn: SearchSettings: "get: No settings file exists, new profile?" (new Error("", "(unknown module)"))
console.warn: SearchSettings: "get: No settings file exists, new profile?" (new Error("", "(unknown module)"))
1612964505269	Marionette	INFO	Listening on port 61825
1612964505719	Marionette	WARN	TLS certificate errors will be ignored for this session
1612964505764	Marionette	ERROR	[18] No reply from Marionette:Register
1612964541252	Marionette	ERROR	[38] No reply from Marionette:Register
SourceActor threw an exception: [Exception... "Component returned failure code: 0x80470002 (NS_BASE_STREAM_CLOSED) [nsIInputStream.available]"  nsresult: "0x80470002 (NS_BASE_STREAM_CLOSED)"  location: "JS frame :: resource://devtools/shared/DevToolsUtils.js :: onResponse :: line 567"  data: no]
Stack: onResponse@resource://devtools/shared/DevToolsUtils.js:567:34
onStopRequest@resource://gre/modules/NetUtil.jsm:128:18
Line: 567, column: 0
console.error: ({})
JavaScript error: resource://devtools/shared/DevToolsUtils.js, line 567: NS_BASE_STREAM_CLOSED: Component returned failure code: 0x80470002 (NS_BASE_STREAM_CLOSED) [nsIInputStream.available]

###!!! [Child][MessageChannel] Error: (msgtype=0x5B000E,name=PHttpChannel::Msg___delete__) Channel closing: too late to send/recv, messages will be lost


###!!! [Child][MessageChannel] Error: (msgtype=0x6B0027,name=PNecko::Msg_RemoveRequestContext) Channel closing: too late to send/recv, messages will be lost

1612964741170	Marionette	INFO	Stopped listening on port 61825
JavaScript error: resource:///modules/sessionstore/SessionStore.jsm, line 5198: NS_ERROR_UNEXPECTED: Component returned failure code: 0x8000ffff (NS_ERROR_UNEXPECTED) [nsIWindowMediator.getEnumerator]
w Error("", "(unknown module)"))
console.warn: SearchSettings: "get: No settings file exists, new profile?" (new Error("", "(unknown module)"))
1612964747074	Marionette	INFO	Listening on port 62021
1612964747688	Marionette	WARN	TLS certificate errors will be ignored for this session
1612964747760	Marionette	ERROR	[18] No reply from Marionette:Register
1612964835561	Marionette	ERROR	[38] No reply from Marionette:Register
SourceActor threw an exception: [Exception... "Component returned failure code: 0x80470002 (NS_BASE_STREAM_CLOSED) [nsIInputStream.available]"  nsresult: "0x80470002 (NS_BASE_STREAM_CLOSED)"  location: "JS frame :: resource://devtools/shared/DevToolsUtils.js :: onResponse :: line 567"  data: no]
Stack: onResponse@resource://devtools/shared/DevToolsUtils.js:567:34
onStopRequest@resource://gre/modules/NetUtil.jsm:128:18
Line: 567, column: 0
console.error: ({})
JavaScript error: resource://devtools/shared/DevToolsUtils.js, line 567: NS_BASE_STREAM_CLOSED: Component returned failure code: 0x80470002 (NS_BASE_STREAM_CLOSED) [nsIInputStream.available]
Handler function threw an exception: [Exception... "Component returned failure code: 0x80040111 (NS_ERROR_NOT_AVAILABLE) [nsIHttpChannelInternal.remoteAddress]"  nsresult: "0x80040111 (NS_ERROR_NOT_AVAILABLE)"  location: "JS frame :: resource://devtools/server/actors/network-monitor/network-observer.js :: _onResponseHeader :: line 1163"  data: no]
Stack: _onResponseHeader@resource://devtools/server/actors/network-monitor/network-observer.js:1163:5
_dispatchActivity@resource://devtools/server/actors/network-monitor/network-observer.js:629:14
NetworkObserver.prototype.observeActivity<@resource://devtools/server/actors/network-monitor/network-observer.js:738:12
exports.makeInfallible/<@resource://devtools/shared/ThreadSafeDevToolsUtils.js:103:22
Line: 1163, column: 0
console.error: ({})
Handler function threw an exception: TypeError: undefined has no properties
Stack: _getWaitTiming@resource://devtools/server/actors/network-monitor/network-observer.js:1262:1
_setupHarTimings@resource://devtools/server/actors/network-monitor/network-observer.js:1487:28
_onTransactionClose@resource://devtools/server/actors/network-monitor/network-observer.js:1210:27
_dispatchActivity@resource://devtools/server/actors/network-monitor/network-observer.js:632:14
NetworkObserver.prototype.observeActivity<@resource://devtools/server/actors/network-monitor/network-observer.js:738:12
exports.makeInfallible/<@resource://devtools/shared/ThreadSafeDevToolsUtils.js:103:22
Line: 1262, column: 1
console.error: (new TypeError("undefined has no properties", "resource://devtools/server/actors/network-monitor/network-observer.js", 1262))
Handler function threw an exception: [Exception... "Component returned failure code: 0x80040111 (NS_ERROR_NOT_AVAILABLE) [nsIHttpChannelInternal.remoteAddress]"  nsresult: "0x80040111 (NS_ERROR_NOT_AVAILABLE)"  location: "JS frame :: resource://devtools/server/actors/network-monitor/network-observer.js :: _onResponseHeader :: line 1163"  data: no]
Stack: _onResponseHeader@resource://devtools/server/actors/network-monitor/network-observer.js:1163:5
_dispatchActivity@resource://devtools/server/actors/network-monitor/network-observer.js:629:14
NetworkObserver.prototype.observeActivity<@resource://devtools/server/actors/network-monitor/network-observer.js:738:12
exports.makeInfallible/<@resource://devtools/shared/ThreadSafeDevToolsUtils.js:103:22
Line: 1163, column: 0
console.error: ({})
Handler function threw an exception: TypeError: undefined has no properties
Stack: _getWaitTiming@resource://devtools/server/actors/network-monitor/network-observer.js:1262:1
_setupHarTimings@resource://devtools/server/actors/network-monitor/network-observer.js:1487:28
_onTransactionClose@resource://devtools/server/actors/network-monitor/network-observer.js:1210:27
_dispatchActivity@resource://devtools/server/actors/network-monitor/network-observer.js:632:14
NetworkObserver.prototype.observeActivity<@resource://devtools/server/actors/network-monitor/network-observer.js:738:12
exports.makeInfallible/<@resource://devtools/shared/ThreadSafeDevToolsUtils.js:103:22
Line: 1262, column: 1
console.error: (new TypeError("undefined has no properties", "resource://devtools/server/actors/network-monitor/network-observer.js", 1262))
Handler function threw an exception: [Exception... "Component returned failure code: 0x80040111 (NS_ERROR_NOT_AVAILABLE) [nsIHttpChannelInternal.remoteAddress]"  nsresult: "0x80040111 (NS_ERROR_NOT_AVAILABLE)"  location: "JS frame :: resource://devtools/server/actors/network-monitor/network-observer.js :: _onResponseHeader :: line 1163"  data: no]
Stack: _onResponseHeader@resource://devtools/server/actors/network-monitor/network-observer.js:1163:5
_dispatchActivity@resource://devtools/server/actors/network-monitor/network-observer.js:629:14
NetworkObserver.prototype.observeActivity<@resource://devtools/server/actors/network-monitor/network-observer.js:738:12
exports.makeInfallible/<@resource://devtools/shared/ThreadSafeDevToolsUtils.js:103:22
Line: 1163, column: 0
console.error: ({})
Handler function threw an exception: TypeError: undefined has no properties
Stack: _getWaitTiming@resource://devtools/server/actors/network-monitor/network-observer.js:1262:1
_setupHarTimings@resource://devtools/server/actors/network-monitor/network-observer.js:1487:28
_onTransactionClose@resource://devtools/server/actors/network-monitor/network-observer.js:1210:27
_dispatchActivity@resource://devtools/server/actors/network-monitor/network-observer.js:632:14
NetworkObserver.prototype.observeActivity<@resource://devtools/server/actors/network-monitor/network-observer.js:738:12
exports.makeInfallible/<@resource://devtools/shared/ThreadSafeDevToolsUtils.js:103:22
Line: 1262, column: 1
console.error: (new TypeError("undefined has no properties", "resource://devtools/server/actors/network-monitor/network-observer.js", 1262))
1612966975880	Marionette	INFO	Stopped listening on port 62021
JavaScript error: resource:///modules/sessionstore/SessionStore.jsm, line 5198: NS_ERROR_UNEXPECTED: Component returned failure code: 0x8000ffff (NS_ERROR_UNEXPECTED) [nsIWindowMediator.getEnumerator]
Policies.jsm, line 935: NS_ERROR_MALFORMED_URI: Component returned failure code: 0x804b000a (NS_ERROR_MALFORMED_URI) [nsIIOService.newURI]
JavaScript error: resource://gre/modules/XULStore.jsm, line 66: Error: Can't find profile directory.
console.warn: SearchSettings: "get: No settings file exists, new profile?" (new Error("", "(unknown module)"))
console.warn: SearchSettings: "get: No settings file exists, new profile?" (new Error("", "(unknown module)"))
1612966857134	Marionette	INFO	Listening on port 49427
1612966857493	Marionette	WARN	TLS certificate errors will be ignored for this session
1612966857545	Marionette	ERROR	[18] No reply from Marionette:Register
[Child 17820, IPC I/O Child] WARNING: pipe error: 232: file /builds/worker/checkouts/gecko/ipc/chromium/src/chrome/common/ipc_channel_win.cc:545
[Child 17820, IPC I/O Child] WARNING: pipe error: 232: file /builds/worker/checkouts/gecko/ipc/chromium/src/chrome/common/ipc_channel_win.cc:545
1612966891727	Marionette	INFO	Stopped listening on port 49427

###!!! [Child][RunMessage] Error: Channel closing: too late to send/recv, messages will be lost

JavaScript error: resource:///modules/sessionstore/SessionStore.jsm, line 5198: NS_ERROR_UNEXPECTED: Component returned failure code: 0x8000ffff (NS_ERROR_UNEXPECTED) [nsIWindowMediator.getEnumerator]
JavaScript error: resource://gre/modules/CrashManager.jsm, line 789: AbortError: Could not dispatch task to background thread
ed failure code: 0x804b000a (NS_ERROR_MALFORMED_URI) [nsIIOService.newURI]
JavaScript error: resource://gre/modules/XULStore.jsm, line 66: Error: Can't find profile directory.
console.warn: SearchSettings: "get: No settings file exists, new profile?" (new Error("", "(unknown module)"))
console.warn: SearchSettings: "get: No settings file exists, new profile?" (new Error("", "(unknown module)"))
1612966913715	Marionette	INFO	Listening on port 49506
1612966914200	Marionette	WARN	TLS certificate errors will be ignored for this session
1612966914233	Marionette	ERROR	[18] No reply from Marionette:Register
1612966979076	Marionette	INFO	Stopped listening on port 49506
JavaScript error: resource:///modules/sessionstore/SessionStore.jsm, line 5198: NS_ERROR_UNEXPECTED: Component returned failure code: 0x8000ffff (NS_ERROR_UNEXPECTED) [nsIWindowMediator.getEnumerator]
Policies.jsm, line 935: NS_ERROR_MALFORMED_URI: Component returned failure code: 0x804b000a (NS_ERROR_MALFORMED_URI) [nsIIOService.newURI]
JavaScript error: resource://gre/modules/XULStore.jsm, line 66: Error: Can't find profile directory.
console.warn: SearchSettings: "get: No settings file exists, new profile?" (new Error("", "(unknown module)"))
console.warn: SearchSettings: "get: No settings file exists, new profile?" (new Error("", "(unknown module)"))
1612966983186	Marionette	INFO	Listening on port 49627
1612966983518	Marionette	WARN	TLS certificate errors will be ignored for this session
1612966983563	Marionette	ERROR	[18] No reply from Marionette:Register
1612967055209	Marionette	ERROR	[38] No reply from Marionette:Register
SourceActor threw an exception: [Exception... "Component returned failure code: 0x80470002 (NS_BASE_STREAM_CLOSED) [nsIInputStream.available]"  nsresult: "0x80470002 (NS_BASE_STREAM_CLOSED)"  location: "JS frame :: resource://devtools/shared/DevToolsUtils.js :: onResponse :: line 567"  data: no]
Stack: onResponse@resource://devtools/shared/DevToolsUtils.js:567:34
onStopRequest@resource://gre/modules/NetUtil.jsm:128:18
Line: 567, column: 0
console.error: ({})
JavaScript error: resource://devtools/shared/DevToolsUtils.js, line 567: NS_BASE_STREAM_CLOSED: Component returned failure code: 0x80470002 (NS_BASE_STREAM_CLOSED) [nsIInputStream.available]

###!!! [Parent][MessageChannel] Error: (msgtype=0x1F0011,name=PBackgroundStorage::Msg_Observe) Channel error: cannot send/recv


###!!! [Parent][MessageChannel] Error: (msgtype=0x1F0011,name=PBackgroundStorage::Msg_Observe) Channel error: cannot send/recv

1612967255246	Marionette	INFO	Stopped listening on port 49627
1612967260349	mozrunner::runner	INFO	Running command: "C:\\Program Files\\Mozilla Firefox\\firefox.exe" "-marionette" "-foreground" "-no-remote" "-profile" "C:\\Users\\kyi\\AppData\\Local\\Temp\\rust_mozprofilePHRFXI"
JavaScript error: resource:///modules/policies/Policies.jsm, line 935: NS_ERROR_MALFORMED_URI: Component returned failure code: 0x804b000a (NS_ERROR_MALFORMED_URI) [nsIIOService.newURI]
JavaScript error: resource://gre/modules/XULStore.jsm, line 66: Error: Can't find profile directory.
console.warn: SearchSettings: "get: No settings file exists, new profile?" (new Error("", "(unknown module)"))
console.warn: SearchSettings: "get: No settings file exists, new profile?" (new Error("", "(unknown module)"))
1612967268500	Marionette	INFO	Listening on port 49799
1612967268778	Marionette	WARN	TLS certificate errors will be ignored for this session
1612967268805	Marionette	ERROR	[18] No reply from Marionette:Register
1612967553132	Marionette	ERROR	[38] No reply from Marionette:Register
SourceActor threw an exception: [Exception... "Component returned failure code: 0x80470002 (NS_BASE_STREAM_CLOSED) [nsIInputStream.available]"  nsresult: "0x80470002 (NS_BASE_STREAM_CLOSED)"  location: "JS frame :: resource://devtools/shared/DevToolsUtils.js :: onResponse :: line 567"  data: no]
Stack: onResponse@resource://devtools/shared/DevToolsUtils.js:567:34
onStopRequest@resource://gre/modules/NetUtil.jsm:128:18
Line: 567, column: 0
console.error: ({})
JavaScript error: resource://devtools/shared/DevToolsUtils.js, line 567: NS_BASE_STREAM_CLOSED: Component returned failure code: 0x80470002 (NS_BASE_STREAM_CLOSED) [nsIInputStream.available]

###!!! [Child][RunMessage] Error: Channel closing: too late to send/recv, messages will be lost

1612967803403	Marionette	INFO	Stopped listening on port 49799

###!!! [Child][RunMessage] Error: Channel closing: too late to send/recv, messages will be lost

JavaScript error: resource:///modules/sessionstore/SessionStore.jsm, line 5198: NS_ERROR_UNEXPECTED: Component returned failure code: 0x8000ffff (NS_ERROR_UNEXPECTED) [nsIWindowMediator.getEnumerator]
: Error: Can't find profile directory.
console.warn: SearchSettings: "get: No settings file exists, new profile?" (new Error("", "(unknown module)"))
console.warn: SearchSettings: "get: No settings file exists, new profile?" (new Error("", "(unknown module)"))
1612967737732	Marionette	INFO	Listening on port 50256
1612967737862	Marionette	WARN	TLS certificate errors will be ignored for this session
1612967737883	Marionette	ERROR	[18] No reply from Marionette:Register
1612967804954	Marionette	ERROR	[38] No reply from Marionette:Register
SourceActor threw an exception: [Exception... "Component returned failure code: 0x80470002 (NS_BASE_STREAM_CLOSED) [nsIInputStream.available]"  nsresult: "0x80470002 (NS_BASE_STREAM_CLOSED)"  location: "JS frame :: resource://devtools/shared/DevToolsUtils.js :: onResponse :: line 567"  data: no]
Stack: onResponse@resource://devtools/shared/DevToolsUtils.js:567:34
onStopRequest@resource://gre/modules/NetUtil.jsm:128:18
Line: 567, column: 0
console.error: ({})
JavaScript error: resource://devtools/shared/DevToolsUtils.js, line 567: NS_BASE_STREAM_CLOSED: Component returned failure code: 0x80470002 (NS_BASE_STREAM_CLOSED) [nsIInputStream.available]

###!!! [Child][RunMessage] Error: Channel closing: too late to send/recv, messages will be lost

1612967896289	Marionette	INFO	Stopped listening on port 50256
rs\\kyi\\AppData\\Local\\Temp\\rust_mozprofileR77sz9"
JavaScript error: resource:///modules/policies/Policies.jsm, line 935: NS_ERROR_MALFORMED_URI: Component returned failure code: 0x804b000a (NS_ERROR_MALFORMED_URI) [nsIIOService.newURI]
JavaScript error: resource://gre/modules/XULStore.jsm, line 66: Error: Can't find profile directory.
console.warn: SearchSettings: "get: No settings file exists, new profile?" (new Error("", "(unknown module)"))
console.warn: SearchSettings: "get: No settings file exists, new profile?" (new Error("", "(unknown module)"))
1612967904370	Marionette	INFO	Listening on port 50410
1612967904795	Marionette	WARN	TLS certificate errors will be ignored for this session
1612967904826	Marionette	ERROR	[21] No reply from Marionette:Register
Handler function threw an exception: [Exception... "Component returned failure code: 0x80040111 (NS_ERROR_NOT_AVAILABLE) [nsIHttpChannelInternal.remoteAddress]"  nsresult: "0x80040111 (NS_ERROR_NOT_AVAILABLE)"  location: "JS frame :: resource://devtools/server/actors/network-monitor/network-observer.js :: _onResponseHeader :: line 1163"  data: no]
Stack: _onResponseHeader@resource://devtools/server/actors/network-monitor/network-observer.js:1163:5
_dispatchActivity@resource://devtools/server/actors/network-monitor/network-observer.js:629:14
NetworkObserver.prototype.observeActivity<@resource://devtools/server/actors/network-monitor/network-observer.js:738:12
exports.makeInfallible/<@resource://devtools/shared/ThreadSafeDevToolsUtils.js:103:22
Line: 1163, column: 0
console.error: ({})
Handler function threw an exception: TypeError: undefined has no properties
Stack: _getWaitTiming@resource://devtools/server/actors/network-monitor/network-observer.js:1262:1
_setupHarTimings@resource://devtools/server/actors/network-monitor/network-observer.js:1487:28
_onTransactionClose@resource://devtools/server/actors/network-monitor/network-observer.js:1210:27
_dispatchActivity@resource://devtools/server/actors/network-monitor/network-observer.js:632:14
NetworkObserver.prototype.observeActivity<@resource://devtools/server/actors/network-monitor/network-observer.js:738:12
exports.makeInfallible/<@resource://devtools/shared/ThreadSafeDevToolsUtils.js:103:22
Line: 1262, column: 1
console.error: (new TypeError("undefined has no properties", "resource://devtools/server/actors/network-monitor/network-observer.js", 1262))

###!!! [Child][RunMessage] Error: Channel error: cannot send/recv

1612971385529	Marionette	INFO	Stopped listening on port 50410
JavaScript error: resource:///modules/sessionstore/SessionStore.jsm, line 5198: NS_ERROR_UNEXPECTED: Component returned failure code: 0x8000ffff (NS_ERROR_UNEXPECTED) [nsIWindowMediator.getEnumerator]
JavaScript error: resource://gre/modules/TelemetryControllerParent.jsm, line 607: Error: submitExternalPing - Submission is not allowed after shutdown, discarding ping of type: third-party-modules
Store.jsm, line 66: Error: Can't find profile directory.
console.warn: SearchSettings: "get: No settings file exists, new profile?" (new Error("", "(unknown module)"))
console.warn: SearchSettings: "get: No settings file exists, new profile?" (new Error("", "(unknown module)"))
1612968356489	Marionette	INFO	Listening on port 50718
1612968357192	Marionette	WARN	TLS certificate errors will be ignored for this session
1612968357232	Marionette	ERROR	[21] No reply from Marionette:Register
1612968442116	Marionette	INFO	Stopped listening on port 50718

###!!! [Child][RunMessage] Error: Channel closing: too late to send/recv, messages will be lost

JavaScript error: resource:///modules/sessionstore/SessionStore.jsm, line 5198: NS_ERROR_UNEXPECTED: Component returned failure code: 0x8000ffff (NS_ERROR_UNEXPECTED) [nsIWindowMediator.getEnumerator]
zprofiledx4jDh"
JavaScript error: resource:///modules/policies/Policies.jsm, line 935: NS_ERROR_MALFORMED_URI: Component returned failure code: 0x804b000a (NS_ERROR_MALFORMED_URI) [nsIIOService.newURI]
JavaScript error: resource://gre/modules/XULStore.jsm, line 66: Error: Can't find profile directory.
console.warn: SearchSettings: "get: No settings file exists, new profile?" (new Error("", "(unknown module)"))
console.warn: SearchSettings: "get: No settings file exists, new profile?" (new Error("", "(unknown module)"))
1612968459248	Marionette	INFO	Listening on port 50836
1612968459647	Marionette	WARN	TLS certificate errors will be ignored for this session
1612968459673	Marionette	ERROR	[18] No reply from Marionette:Register
1612968503266	Marionette	INFO	Stopped listening on port 50836

###!!! [Child][RunMessage] Error: Channel closing: too late to send/recv, messages will be lost

JavaScript error: resource://gre/modules/CrashManager.jsm, line 789: AbortError: Could not dispatch task to background thread
JavaScript error: resource:///modules/sessionstore/SessionStore.jsm, line 5198: NS_ERROR_UNEXPECTED: Component returned failure code: 0x8000ffff (NS_ERROR_UNEXPECTED) [nsIWindowMediator.getEnumerator]
1612978740799	mozrunner::runner	INFO	Running command: "C:\\Program Files\\Mozilla Firefox\\firefox.exe" "-marionette" "-foreground" "-no-remote" "-profile" "C:\\Users\\kyi\\AppData\\Local\\Temp\\rust_mozprofileMmfUZY"
JavaScript error: resource:///modules/policies/Policies.jsm, line 935: NS_ERROR_MALFORMED_URI: Component returned failure code: 0x804b000a (NS_ERROR_MALFORMED_URI) [nsIIOService.newURI]
JavaScript error: resource://gre/modules/XULStore.jsm, line 66: Error: Can't find profile directory.
console.warn: SearchSettings: "get: No settings file exists, new profile?" (new Error("", "(unknown module)"))
console.warn: SearchSettings: "get: No settings file exists, new profile?" (new Error("", "(unknown module)"))
1612978747995	Marionette	INFO	Listening on port 60306
1612978748617	Marionette	WARN	TLS certificate errors will be ignored for this session
1612978748644	Marionette	ERROR	[18] No reply from Marionette:Register
1612978780119	Marionette	INFO	Stopped listening on port 60306

###!!! [Child][RunMessage] Error: Channel closing: too late to send/recv, messages will be lost


###!!! [Child][RunMessage] Error: Channel closing: too late to send/recv, messages will be lost


###!!! [Child][RunMessage] Error: Channel closing: too late to send/recv, messages will be lost

JavaScript error: resource:///modules/sessionstore/SessionStore.jsm, line 5198: NS_ERROR_UNEXPECTED: Component returned failure code: 0x8000ffff (NS_ERROR_UNEXPECTED) [nsIWindowMediator.getEnumerator]
JavaScript error: resource://gre/modules/CrashManager.jsm, line 789: AbortError: Could not dispatch task to background thread
1612979134595	mozrunner::runner	INFO	Running command: "C:\\Program Files\\Mozilla Firefox\\firefox.exe" "-marionette" "-foreground" "-no-remote" "-profile" "C:\\Users\\kyi\\AppData\\Local\\Temp\\rust_mozprofile2hcBZ8"
JavaScript error: resource:///modules/policies/Policies.jsm, line 935: NS_ERROR_MALFORMED_URI: Component returned failure code: 0x804b000a (NS_ERROR_MALFORMED_URI) [nsIIOService.newURI]
JavaScript error: resource://gre/modules/XULStore.jsm, line 66: Error: Can't find profile directory.
console.warn: SearchSettings: "get: No settings file exists, new profile?" (new Error("", "(unknown module)"))
console.warn: SearchSettings: "get: No settings file exists, new profile?" (new Error("", "(unknown module)"))
1612979144008	Marionette	INFO	Listening on port 61541
1612979144225	Marionette	WARN	TLS certificate errors will be ignored for this session
1612979144293	Marionette	ERROR	[18] No reply from Marionette:Register
1612979214475	Marionette	INFO	Stopped listening on port 61541

###!!! [Child][RunMessage] Error: Channel closing: too late to send/recv, messages will be lost

1612979285626	mozrunner::runner	INFO	Running command: "C:\\Program Files\\Mozilla Firefox\\firefox.exe" "-marionette" "-foreground" "-no-remote" "-profile" "C:\\Users\\kyi\\AppData\\Local\\Temp\\rust_mozprofile6CEcnv"
JavaScript error: resource:///modules/policies/Policies.jsm, line 935: NS_ERROR_MALFORMED_URI: Component returned failure code: 0x804b000a (NS_ERROR_MALFORMED_URI) [nsIIOService.newURI]
JavaScript error: resource://gre/modules/XULStore.jsm, line 66: Error: Can't find profile directory.
console.warn: SearchSettings: "get: No settings file exists, new profile?" (new Error("", "(unknown module)"))
console.warn: SearchSettings: "get: No settings file exists, new profile?" (new Error("", "(unknown module)"))
1612979295323	Marionette	INFO	Listening on port 61678
1612979295724	Marionette	WARN	TLS certificate errors will be ignored for this session
1612979295748	Marionette	ERROR	[18] No reply from Marionette:Register

###!!! [Child][RunMessage] Error: Channel closing: too late to send/recv, messages will be lost

1612979322115	Marionette	INFO	Stopped listening on port 61678

###!!! [Child][RunMessage] Error: Channel closing: too late to send/recv, messages will be lost

JavaScript error: resource:///modules/sessionstore/SessionStore.jsm, line 5198: NS_ERROR_UNEXPECTED: Component returned failure code: 0x8000ffff (NS_ERROR_UNEXPECTED) [nsIWindowMediator.getEnumerator]
JavaScript error: resource://gre/modules/CrashManager.jsm, line 789: AbortError: Could not dispatch task to background thread
1612979411933	mozrunner::runner	INFO	Running command: "C:\\Program Files\\Mozilla Firefox\\firefox.exe" "-marionette" "-foreground" "-no-remote" "-profile" "C:\\Users\\kyi\\AppData\\Local\\Temp\\rust_mozprofile5f9CEi"
JavaScript error: resource:///modules/policies/Policies.jsm, line 935: NS_ERROR_MALFORMED_URI: Component returned failure code: 0x804b000a (NS_ERROR_MALFORMED_URI) [nsIIOService.newURI]
JavaScript error: resource://gre/modules/XULStore.jsm, line 66: Error: Can't find profile directory.
console.warn: SearchSettings: "get: No settings file exists, new profile?" (new Error("", "(unknown module)"))
console.warn: SearchSettings: "get: No settings file exists, new profile?" (new Error("", "(unknown module)"))
1612979421166	Marionette	INFO	Listening on port 61779
1612979421338	Marionette	WARN	TLS certificate errors will be ignored for this session
1612979421504	Marionette	ERROR	[18] No reply from Marionette:Register
1612979449011	Marionette	INFO	Stopped listening on port 61779
JavaScript error: resource:///modules/sessionstore/SessionStore.jsm, line 5198: NS_ERROR_UNEXPECTED: Component returned failure code: 0x8000ffff (NS_ERROR_UNEXPECTED) [nsIWindowMediator.getEnumerator]
JavaScript error: resource://gre/modules/CrashManager.jsm, line 789: AbortError: Could not dispatch task to background thread
1612979503289	mozrunner::runner	INFO	Running command: "C:\\Program Files\\Mozilla Firefox\\firefox.exe" "-marionette" "-foreground" "-no-remote" "-profile" "C:\\Users\\kyi\\AppData\\Local\\Temp\\rust_mozprofile5n7u3Q"
JavaScript error: resource:///modules/policies/Policies.jsm, line 935: NS_ERROR_MALFORMED_URI: Component returned failure code: 0x804b000a (NS_ERROR_MALFORMED_URI) [nsIIOService.newURI]
JavaScript error: resource://gre/modules/XULStore.jsm, line 66: Error: Can't find profile directory.
console.warn: SearchSettings: "get: No settings file exists, new profile?" (new Error("", "(unknown module)"))
console.warn: SearchSettings: "get: No settings file exists, new profile?" (new Error("", "(unknown module)"))
1612979511807	Marionette	INFO	Listening on port 61918
1612979512243	Marionette	WARN	TLS certificate errors will be ignored for this session
1612979512277	Marionette	ERROR	[18] No reply from Marionette:Register
1612979639652	Marionette	INFO	Stopped listening on port 61918

###!!! [Child][RunMessage] Error: Channel closing: too late to send/recv, messages will be lost

JavaScript error: resource:///modules/sessionstore/SessionStore.jsm, line 5198: NS_ERROR_UNEXPECTED: Component returned failure code: 0x8000ffff (NS_ERROR_UNEXPECTED) [nsIWindowMediator.getEnumerator]
1612979661674	mozrunner::runner	INFO	Running command: "C:\\Program Files\\Mozilla Firefox\\firefox.exe" "-marionette" "-foreground" "-no-remote" "-profile" "C:\\Users\\kyi\\AppData\\Local\\Temp\\rust_mozprofilerFwfKZ"
JavaScript error: resource:///modules/policies/Policies.jsm, line 935: NS_ERROR_MALFORMED_URI: Component returned failure code: 0x804b000a (NS_ERROR_MALFORMED_URI) [nsIIOService.newURI]
JavaScript error: resource://gre/modules/XULStore.jsm, line 66: Error: Can't find profile directory.
console.warn: SearchSettings: "get: No settings file exists, new profile?" (new Error("", "(unknown module)"))
console.warn: SearchSettings: "get: No settings file exists, new profile?" (new Error("", "(unknown module)"))
1612979672644	Marionette	INFO	Listening on port 62039
1612979673350	Marionette	WARN	TLS certificate errors will be ignored for this session
1612979673403	Marionette	ERROR	[21] No reply from Marionette:Register
1612979692379	Marionette	INFO	Stopped listening on port 62039

###!!! [Child][RunMessage] Error: Channel closing: too late to send/recv, messages will be lost

JavaScript error: resource:///modules/sessionstore/SessionStore.jsm, line 5198: NS_ERROR_UNEXPECTED: Component returned failure code: 0x8000ffff (NS_ERROR_UNEXPECTED) [nsIWindowMediator.getEnumerator]
JavaScript error: resource://gre/modules/CrashManager.jsm, line 789: AbortError: Could not dispatch task to background thread
1612979756900	mozrunner::runner	INFO	Running command: "C:\\Program Files\\Mozilla Firefox\\firefox.exe" "-marionette" "-foreground" "-no-remote" "-profile" "C:\\Users\\kyi\\AppData\\Local\\Temp\\rust_mozprofiletW3yxX"
JavaScript error: resource:///modules/policies/Policies.jsm, line 935: NS_ERROR_MALFORMED_URI: Component returned failure code: 0x804b000a (NS_ERROR_MALFORMED_URI) [nsIIOService.newURI]
JavaScript error: resource://gre/modules/XULStore.jsm, line 66: Error: Can't find profile directory.
console.warn: SearchSettings: "get: No settings file exists, new profile?" (new Error("", "(unknown module)"))
console.warn: SearchSettings: "get: No settings file exists, new profile?" (new Error("", "(unknown module)"))
1612979766151	Marionette	INFO	Listening on port 62119
1612979766520	Marionette	WARN	TLS certificate errors will be ignored for this session
1612979766593	Marionette	ERROR	[18] No reply from Marionette:Register
1612979902639	Marionette	INFO	Stopped listening on port 62119

###!!! [Child][RunMessage] Error: Channel closing: too late to send/recv, messages will be lost

JavaScript error: resource:///modules/sessionstore/SessionStore.jsm, line 5198: NS_ERROR_UNEXPECTED: Component returned failure code: 0x8000ffff (NS_ERROR_UNEXPECTED) [nsIWindowMediator.getEnumerator]
1612979944266	mozrunner::runner	INFO	Running command: "C:\\Program Files\\Mozilla Firefox\\firefox.exe" "-marionette" "-foreground" "-no-remote" "-profile" "C:\\Users\\kyi\\AppData\\Local\\Temp\\rust_mozprofile2dhw4n"
JavaScript error: resource:///modules/policies/Policies.jsm, line 935: NS_ERROR_MALFORMED_URI: Component returned failure code: 0x804b000a (NS_ERROR_MALFORMED_URI) [nsIIOService.newURI]
JavaScript error: resource://gre/modules/XULStore.jsm, line 66: Error: Can't find profile directory.
console.warn: SearchSettings: "get: No settings file exists, new profile?" (new Error("", "(unknown module)"))
console.warn: SearchSettings: "get: No settings file exists, new profile?" (new Error("", "(unknown module)"))
1612979951350	Marionette	INFO	Listening on port 62244
1612979951832	Marionette	WARN	TLS certificate errors will be ignored for this session
1612979951878	Marionette	ERROR	[18] No reply from Marionette:Register
1612979968377	Marionette	INFO	Stopped listening on port 62244

###!!! [Child][RunMessage] Error: Channel closing: too late to send/recv, messages will be lost

JavaScript error: resource:///modules/sessionstore/SessionStore.jsm, line 5198: NS_ERROR_UNEXPECTED: Component returned failure code: 0x8000ffff (NS_ERROR_UNEXPECTED) [nsIWindowMediator.getEnumerator]
1612980030258	mozrunner::runner	INFO	Running command: "C:\\Program Files\\Mozilla Firefox\\firefox.exe" "-marionette" "-foreground" "-no-remote" "-profile" "C:\\Users\\kyi\\AppData\\Local\\Temp\\rust_mozprofiledOU2t4"
JavaScript error: resource:///modules/policies/Policies.jsm, line 935: NS_ERROR_MALFORMED_URI: Component returned failure code: 0x804b000a (NS_ERROR_MALFORMED_URI) [nsIIOService.newURI]
JavaScript error: resource://gre/modules/XULStore.jsm, line 66: Error: Can't find profile directory.
console.warn: SearchSettings: "get: No settings file exists, new profile?" (new Error("", "(unknown module)"))
console.warn: SearchSettings: "get: No settings file exists, new profile?" (new Error("", "(unknown module)"))
1612980037387	Marionette	INFO	Listening on port 62320
1612980037933	Marionette	WARN	TLS certificate errors will be ignored for this session
1612980037958	Marionette	ERROR	[21] No reply from Marionette:Register
1612980055204	Marionette	INFO	Stopped listening on port 62320

###!!! [Child][RunMessage] Error: Channel closing: too late to send/recv, messages will be lost

JavaScript error: resource:///modules/sessionstore/SessionStore.jsm, line 5198: NS_ERROR_UNEXPECTED: Component returned failure code: 0x8000ffff (NS_ERROR_UNEXPECTED) [nsIWindowMediator.getEnumerator]
JavaScript error: resource://gre/modules/CrashManager.jsm, line 789: AbortError: Could not dispatch task to background thread
1612980094880	mozrunner::runner	INFO	Running command: "C:\\Program Files\\Mozilla Firefox\\firefox.exe" "-marionette" "-foreground" "-no-remote" "-profile" "C:\\Users\\kyi\\AppData\\Local\\Temp\\rust_mozprofile3UdRDN"
JavaScript error: resource:///modules/policies/Policies.jsm, line 935: NS_ERROR_MALFORMED_URI: Component returned failure code: 0x804b000a (NS_ERROR_MALFORMED_URI) [nsIIOService.newURI]
JavaScript error: resource://gre/modules/XULStore.jsm, line 66: Error: Can't find profile directory.
console.warn: SearchSettings: "get: No settings file exists, new profile?" (new Error("", "(unknown module)"))
console.warn: SearchSettings: "get: No settings file exists, new profile?" (new Error("", "(unknown module)"))
1612980101251	Marionette	INFO	Listening on port 62422
1612980101400	Marionette	WARN	TLS certificate errors will be ignored for this session
1612980101435	Marionette	ERROR	[18] No reply from Marionette:Register
1612980117328	Marionette	INFO	Stopped listening on port 62422
1612980168133	mozrunner::runner	INFO	Running command: "C:\\Program Files\\Mozilla Firefox\\firefox.exe" "-marionette" "-foreground" "-no-remote" "-profile" "C:\\Users\\kyi\\AppData\\Local\\Temp\\rust_mozprofile2NzLGr"
JavaScript error: resource:///modules/policies/Policies.jsm, line 935: NS_ERROR_MALFORMED_URI: Component returned failure code: 0x804b000a (NS_ERROR_MALFORMED_URI) [nsIIOService.newURI]
JavaScript error: resource://gre/modules/XULStore.jsm, line 66: Error: Can't find profile directory.
console.warn: SearchSettings: "get: No settings file exists, new profile?" (new Error("", "(unknown module)"))
console.warn: SearchSettings: "get: No settings file exists, new profile?" (new Error("", "(unknown module)"))
1612980175735	Marionette	INFO	Listening on port 62506
1612980176121	Marionette	WARN	TLS certificate errors will be ignored for this session
1612980176158	Marionette	ERROR	[18] No reply from Marionette:Register
JavaScript error: resource://gre/modules/CrashManager.jsm, line 789: AbortError: Could not dispatch task to background thread
1612980226404	Marionette	INFO	Stopped listening on port 62506

###!!! [Child][RunMessage] Error: Channel closing: too late to send/recv, messages will be lost

JavaScript error: resource:///modules/sessionstore/SessionStore.jsm, line 5198: NS_ERROR_UNEXPECTED: Component returned failure code: 0x8000ffff (NS_ERROR_UNEXPECTED) [nsIWindowMediator.getEnumerator]
1612980676725	mozrunner::runner	INFO	Running command: "C:\\Program Files\\Mozilla Firefox\\firefox.exe" "-marionette" "-foreground" "-no-remote" "-profile" "C:\\Users\\kyi\\AppData\\Local\\Temp\\rust_mozprofilelHZ2NS"
JavaScript error: resource:///modules/policies/Policies.jsm, line 935: NS_ERROR_MALFORMED_URI: Component returned failure code: 0x804b000a (NS_ERROR_MALFORMED_URI) [nsIIOService.newURI]
JavaScript error: resource://gre/modules/XULStore.jsm, line 66: Error: Can't find profile directory.
console.warn: SearchSettings: "get: No settings file exists, new profile?" (new Error("", "(unknown module)"))
console.warn: SearchSettings: "get: No settings file exists, new profile?" (new Error("", "(unknown module)"))
1612980685506	Marionette	INFO	Listening on port 62805
1612980685891	Marionette	WARN	TLS certificate errors will be ignored for this session
1612980685940	Marionette	ERROR	[18] No reply from Marionette:Register

###!!! [Child][RunMessage] Error: Channel closing: too late to send/recv, messages will be lost

1612981050797	Marionette	INFO	Stopped listening on port 62805

###!!! [Child][RunMessage] Error: Channel closing: too late to send/recv, messages will be lost

JavaScript error: resource:///modules/sessionstore/SessionStore.jsm, line 5198: NS_ERROR_UNEXPECTED: Component returned failure code: 0x8000ffff (NS_ERROR_UNEXPECTED) [nsIWindowMediator.getEnumerator]
_MALFORMED_URI) [nsIIOService.newURI]
JavaScript error: resource://gre/modules/XULStore.jsm, line 66: Error: Can't find profile directory.
console.warn: SearchSettings: "get: No settings file exists, new profile?" (new Error("", "(unknown module)"))
1612981051840	Marionette	INFO	Listening on port 62969
1612981052402	Marionette	WARN	TLS certificate errors will be ignored for this session
1612981052471	Marionette	ERROR	[18] No reply from Marionette:Register
console.warn: SearchSettings: "get: No settings file exists, new profile?" (new Error("", "(unknown module)"))
1612981084325	Marionette	INFO	Stopped listening on port 62969

###!!! [Child][RunMessage] Error: Channel closing: too late to send/recv, messages will be lost

JavaScript error: resource:///modules/sessionstore/SessionStore.jsm, line 5198: NS_ERROR_UNEXPECTED: Component returned failure code: 0x8000ffff (NS_ERROR_UNEXPECTED) [nsIWindowMediator.getEnumerator]
zprofileRpDou5"
JavaScript error: resource:///modules/policies/Policies.jsm, line 935: NS_ERROR_MALFORMED_URI: Component returned failure code: 0x804b000a (NS_ERROR_MALFORMED_URI) [nsIIOService.newURI]
JavaScript error: resource://gre/modules/XULStore.jsm, line 66: Error: Can't find profile directory.
console.warn: SearchSettings: "get: No settings file exists, new profile?" (new Error("", "(unknown module)"))
console.warn: SearchSettings: "get: No settings file exists, new profile?" (new Error("", "(unknown module)"))
1612981105540	Marionette	INFO	Listening on port 63049
1612981106220	Marionette	WARN	TLS certificate errors will be ignored for this session
1612981106251	Marionette	ERROR	[18] No reply from Marionette:Register

###!!! [Child][RunMessage] Error: Channel closing: too late to send/recv, messages will be lost


###!!! [Child][RunMessage] Error: Channel closing: too late to send/recv, messages will be lost


###!!! [Child][MessageChannel] Error: (msgtype=0x3A0144,name=PContent::Msg_ScriptError) Channel closing: too late to send/recv, messages will be lost


###!!! [Child][MessageChannel] Error: (msgtype=0xB60006,name=PWebSocket::Msg_DeleteSelf) Channel closing: too late to send/recv, messages will be lost

1612981255029	Marionette	INFO	Stopped listening on port 63049

###!!! [Child][RunMessage] Error: Channel closing: too late to send/recv, messages will be lost

1612981269812	mozrunner::runner	INFO	Running command: "C:\\Program Files\\Mozilla Firefox\\firefox.exe" "-marionette" "-foreground" "-no-remote" "-profile" "C:\\Users\\kyi\\AppData\\Local\\Temp\\rust_mozprofileUKOjxI"
JavaScript error: resource:///modules/policies/Policies.jsm, line 935: NS_ERROR_MALFORMED_URI: Component returned failure code: 0x804b000a (NS_ERROR_MALFORMED_URI) [nsIIOService.newURI]
JavaScript error: resource://gre/modules/XULStore.jsm, line 66: Error: Can't find profile directory.
console.warn: SearchSettings: "get: No settings file exists, new profile?" (new Error("", "(unknown module)"))
console.warn: SearchSettings: "get: No settings file exists, new profile?" (new Error("", "(unknown module)"))
1612981277906	Marionette	INFO	Listening on port 63180
1612981278058	Marionette	WARN	TLS certificate errors will be ignored for this session
1612981278095	Marionette	ERROR	[18] No reply from Marionette:Register

###!!! [Child][RunMessage] Error: Channel closing: too late to send/recv, messages will be lost

1612981301238	Marionette	INFO	Stopped listening on port 63180
1612981314108	mozrunner::runner	INFO	Running command: "C:\\Program Files\\Mozilla Firefox\\firefox.exe" "-marionette" "-foreground" "-no-remote" "-profile" "C:\\Users\\kyi\\AppData\\Local\\Temp\\rust_mozprofile53gWXD"
JavaScript error: resource:///modules/policies/Policies.jsm, line 935: NS_ERROR_MALFORMED_URI: Component returned failure code: 0x804b000a (NS_ERROR_MALFORMED_URI) [nsIIOService.newURI]
JavaScript error: resource://gre/modules/XULStore.jsm, line 66: Error: Can't find profile directory.
console.warn: SearchSettings: "get: No settings file exists, new profile?" (new Error("", "(unknown module)"))
console.warn: SearchSettings: "get: No settings file exists, new profile?" (new Error("", "(unknown module)"))
1612981321684	Marionette	INFO	Listening on port 63260
1612981322142	Marionette	WARN	TLS certificate errors will be ignored for this session
1612981322168	Marionette	ERROR	[18] No reply from Marionette:Register
1612981345215	Marionette	INFO	Stopped listening on port 63260

###!!! [Child][RunMessage] Error: Channel closing: too late to send/recv, messages will be lost

1612981365309	mozrunner::runner	INFO	Running command: "C:\\Program Files\\Mozilla Firefox\\firefox.exe" "-marionette" "-foreground" "-no-remote" "-profile" "C:\\Users\\kyi\\AppData\\Local\\Temp\\rust_mozprofilec6xziH"
JavaScript error: resource:///modules/policies/Policies.jsm, line 935: NS_ERROR_MALFORMED_URI: Component returned failure code: 0x804b000a (NS_ERROR_MALFORMED_URI) [nsIIOService.newURI]
JavaScript error: resource://gre/modules/XULStore.jsm, line 66: Error: Can't find profile directory.
console.warn: SearchSettings: "get: No settings file exists, new profile?" (new Error("", "(unknown module)"))
console.warn: SearchSettings: "get: No settings file exists, new profile?" (new Error("", "(unknown module)"))
1612981373219	Marionette	INFO	Listening on port 63353
1612981373462	Marionette	WARN	TLS certificate errors will be ignored for this session
1612981373507	Marionette	ERROR	[18] No reply from Marionette:Register

###!!! [Child][MessageChannel] Error: (msgtype=0x6B0027,name=PNecko::Msg_RemoveRequestContext) Channel closing: too late to send/recv, messages will be lost


###!!! [Child][MessageChannel] Error: (msgtype=0x3A0144,name=PContent::Msg_ScriptError) Channel closing: too late to send/recv, messages will be lost


###!!! [Child][MessageChannel] Error: (msgtype=0xB60006,name=PWebSocket::Msg_DeleteSelf) Channel closing: too late to send/recv, messages will be lost


###!!! [Child][MessageChannel] Error: (msgtype=0x3A0144,name=PContent::Msg_ScriptError) Channel closing: too late to send/recv, messages will be lost


###!!! [Child][MessageChannel] Error: (msgtype=0xB60006,name=PWebSocket::Msg_DeleteSelf) Channel closing: too late to send/recv, messages will be lost

1612981413147	Marionette	INFO	Stopped listening on port 63353

###!!! [Child][RunMessage] Error: Channel closing: too late to send/recv, messages will be lost

JavaScript error: resource://gre/modules/CrashManager.jsm, line 789: AbortError: Could not dispatch task to background thread
JavaScript error: resource:///modules/sessionstore/SessionStore.jsm, line 5198: NS_ERROR_UNEXPECTED: Component returned failure code: 0x8000ffff (NS_ERROR_UNEXPECTED) [nsIWindowMediator.getEnumerator]
1612981428670	mozrunner::runner	INFO	Running command: "C:\\Program Files\\Mozilla Firefox\\firefox.exe" "-marionette" "-foreground" "-no-remote" "-profile" "C:\\Users\\kyi\\AppData\\Local\\Temp\\rust_mozprofileJKu1aU"
JavaScript error: resource:///modules/policies/Policies.jsm, line 935: NS_ERROR_MALFORMED_URI: Component returned failure code: 0x804b000a (NS_ERROR_MALFORMED_URI) [nsIIOService.newURI]
JavaScript error: resource://gre/modules/XULStore.jsm, line 66: Error: Can't find profile directory.
console.warn: SearchSettings: "get: No settings file exists, new profile?" (new Error("", "(unknown module)"))
console.warn: SearchSettings: "get: No settings file exists, new profile?" (new Error("", "(unknown module)"))
1612981438235	Marionette	INFO	Listening on port 63468
1612981438473	Marionette	WARN	TLS certificate errors will be ignored for this session
1612981438522	Marionette	ERROR	[18] No reply from Marionette:Register
1612981513156	Marionette	INFO	Stopped listening on port 63468

###!!! [Child][RunMessage] Error: Channel closing: too late to send/recv, messages will be lost

